INFO [2021-03-01 15:45:21] [[1]]
INFO [2021-03-01 15:45:21] venn_data
INFO [2021-03-01 15:45:21] 
INFO [2021-03-01 15:45:21] $category.names
INFO [2021-03-01 15:45:21] c("TD Genera", "ASD Genera")
INFO [2021-03-01 15:45:21] 
INFO [2021-03-01 15:45:21] $filename
INFO [2021-03-01 15:45:21] [1] "cool_venn.png"
INFO [2021-03-01 15:45:21] 
INFO [2021-03-01 15:45:21] $output
INFO [2021-03-01 15:45:21] [1] TRUE
INFO [2021-03-01 15:45:21] 
INFO [2021-03-01 15:45:21] $imagetype
INFO [2021-03-01 15:45:21] [1] "png"
INFO [2021-03-01 15:45:21] 
INFO [2021-03-01 15:45:21] $height
INFO [2021-03-01 15:45:21] [1] 480
INFO [2021-03-01 15:45:21] 
INFO [2021-03-01 15:45:21] $width
INFO [2021-03-01 15:45:21] [1] 480
INFO [2021-03-01 15:45:21] 
INFO [2021-03-01 15:45:21] $resolution
INFO [2021-03-01 15:45:21] [1] 300
INFO [2021-03-01 15:45:21] 
INFO [2021-03-01 15:45:21] $compression
INFO [2021-03-01 15:45:21] [1] "lzw"
INFO [2021-03-01 15:45:21] 
ERROR [2021-03-01 15:45:22] NAs in dataset
